<?xml version="1.0" encoding="UTF-8"?>
<!-- Generated by org.testng.reporters.JUnitXMLReporter -->
<testsuite hostname="TYSS-Vijayalaxmi" ignored="0" name="Test" tests="4" failures="0" timestamp="2022-12-05T16:44:21 IST" time="0.047" errors="0">
  <testcase name="create" time="0.007" classname="PracticeForJenkins.BuildCreationTest"/>
  <testcase name="update" time="0.001" classname="PracticeForJenkins.BuildCreationTest"/>
  <testcase name="sample1" time="0.001" classname="PracticeForJenkins.BuildDeployTest"/>
  <testcase name="sample2" time="0.001" classname="PracticeForJenkins.BuildDeployTest"/>
</testsuite> <!-- Test -->
