<?xml version="1.0" encoding="UTF-8"?>
<testng-results skipped="0" failed="0" ignored="1" total="2" passed="1">
  <reporter-output>
  </reporter-output>
  <suite name="Suite" duration-ms="39" started-at="2022-12-05T17:10:36 IST" finished-at="2022-12-05T17:10:36 IST">
    <groups>
      <group name="smoke">
        <method signature="BuildCreationTest.create()[pri:0, instance:PracticeForJenkins.BuildCreationTest@1786f9d5]" name="create" class="PracticeForJenkins.BuildCreationTest"/>
      </group> <!-- smoke -->
    </groups>
    <test name="Test" duration-ms="39" started-at="2022-12-05T17:10:36 IST" finished-at="2022-12-05T17:10:36 IST">
      <class name="PracticeForJenkins.BuildCreationTest">
        <test-method status="PASS" signature="create()[pri:0, instance:PracticeForJenkins.BuildCreationTest@1786f9d5]" name="create" duration-ms="7" started-at="2022-12-05T17:10:36 IST" finished-at="2022-12-05T17:10:36 IST">
          <reporter-output>
          </reporter-output>
        </test-method> <!-- create -->
      </class> <!-- PracticeForJenkins.BuildCreationTest -->
    </test> <!-- Test -->
  </suite> <!-- Suite -->
</testng-results>
