<?xml version="1.0" encoding="UTF-8"?>
<testng-results skipped="0" failed="0" ignored="0" total="4" passed="4">
  <reporter-output>
  </reporter-output>
  <suite name="Suite" duration-ms="47" started-at="2022-12-05T16:44:21 IST" finished-at="2022-12-05T16:44:21 IST">
    <groups>
    </groups>
    <test name="Test" duration-ms="47" started-at="2022-12-05T16:44:21 IST" finished-at="2022-12-05T16:44:21 IST">
      <class name="PracticeForJenkins.BuildDeployTest">
        <test-method status="PASS" signature="sample1()[pri:0, instance:PracticeForJenkins.BuildDeployTest@10a035a0]" name="sample1" duration-ms="1" started-at="2022-12-05T16:44:21 IST" finished-at="2022-12-05T16:44:21 IST">
          <reporter-output>
          </reporter-output>
        </test-method> <!-- sample1 -->
        <test-method status="PASS" signature="sample2()[pri:0, instance:PracticeForJenkins.BuildDeployTest@10a035a0]" name="sample2" duration-ms="1" started-at="2022-12-05T16:44:21 IST" finished-at="2022-12-05T16:44:21 IST">
          <reporter-output>
          </reporter-output>
        </test-method> <!-- sample2 -->
      </class> <!-- PracticeForJenkins.BuildDeployTest -->
      <class name="PracticeForJenkins.BuildCreationTest">
        <test-method status="PASS" signature="create()[pri:0, instance:PracticeForJenkins.BuildCreationTest@2e3fc542]" name="create" duration-ms="7" started-at="2022-12-05T16:44:21 IST" finished-at="2022-12-05T16:44:21 IST">
          <reporter-output>
          </reporter-output>
        </test-method> <!-- create -->
        <test-method status="PASS" signature="update()[pri:0, instance:PracticeForJenkins.BuildCreationTest@2e3fc542]" name="update" duration-ms="1" started-at="2022-12-05T16:44:21 IST" finished-at="2022-12-05T16:44:21 IST">
          <reporter-output>
          </reporter-output>
        </test-method> <!-- update -->
      </class> <!-- PracticeForJenkins.BuildCreationTest -->
    </test> <!-- Test -->
  </suite> <!-- Suite -->
</testng-results>
